0 info it worked if it ends with ok
1 verbose cli [ '/Users/moin/.nvm/versions/node/v7.4.0/bin/node',
1 verbose cli   '/Users/moin/.nvm/versions/node/v7.4.0/bin/npm',
1 verbose cli   'run',
1 verbose cli   'compile:sass' ]
2 info using npm@4.0.5
3 info using node@v7.4.0
4 verbose run-script [ 'precompile:sass', 'compile:sass', 'postcompile:sass' ]
5 info lifecycle ReactPortfolio_2.0@1.0.0~precompile:sass: ReactPortfolio_2.0@1.0.0
6 silly lifecycle ReactPortfolio_2.0@1.0.0~precompile:sass: no script for precompile:sass, continuing
7 info lifecycle ReactPortfolio_2.0@1.0.0~compile:sass: ReactPortfolio_2.0@1.0.0
8 verbose lifecycle ReactPortfolio_2.0@1.0.0~compile:sass: unsafe-perm in lifecycle true
9 verbose lifecycle ReactPortfolio_2.0@1.0.0~compile:sass: PATH: /Users/moin/.nvm/versions/node/v7.4.0/lib/node_modules/npm/bin/node-gyp-bin:/Users/moin/ReactPortfolio_2.0/node_modules/.bin:/Users/moin/.rvm/gems/ruby-2.6.3/bin:/Users/moin/.rvm/gems/ruby-2.6.3@global/bin:/Users/moin/.rvm/rubies/ruby-2.6.3/bin:/Users/moin/Library/Android/sdk/platform-tools:/Users/moin/.nvm/versions/node/v7.4.0/bin:/usr/local/bin:/usr/bin:/bin:/usr/sbin:/sbin:/Users/moin/Library/Android/sdk/emulator:/Users/moin/Library/Android/sdk/tools:/Users/moin/Library/Android/sdk/tools/bin:/Users/moin/Library/Android/sdk/platform-tools:/Users/moin/.rvm/bin
10 verbose lifecycle ReactPortfolio_2.0@1.0.0~compile:sass: CWD: /Users/moin/ReactPortfolio_2.0
11 silly lifecycle ReactPortfolio_2.0@1.0.0~compile:sass: Args: [ '-c', 'node-sass sass/main.scss css/style.css -w' ]
12 silly lifecycle ReactPortfolio_2.0@1.0.0~compile:sass: Returned: code: 1  signal: null
13 info lifecycle ReactPortfolio_2.0@1.0.0~compile:sass: Failed to exec compile:sass script
14 verbose stack Error: ReactPortfolio_2.0@1.0.0 compile:sass: `node-sass sass/main.scss css/style.css -w`
14 verbose stack Exit status 1
14 verbose stack     at EventEmitter.<anonymous> (/Users/moin/.nvm/versions/node/v7.4.0/lib/node_modules/npm/lib/utils/lifecycle.js:279:16)
14 verbose stack     at emitTwo (events.js:106:13)
14 verbose stack     at EventEmitter.emit (events.js:191:7)
14 verbose stack     at ChildProcess.<anonymous> (/Users/moin/.nvm/versions/node/v7.4.0/lib/node_modules/npm/lib/utils/spawn.js:40:14)
14 verbose stack     at emitTwo (events.js:106:13)
14 verbose stack     at ChildProcess.emit (events.js:191:7)
14 verbose stack     at maybeClose (internal/child_process.js:885:16)
14 verbose stack     at Process.ChildProcess._handle.onexit (internal/child_process.js:226:5)
15 verbose pkgid ReactPortfolio_2.0@1.0.0
16 verbose cwd /Users/moin/ReactPortfolio_2.0
17 error Darwin 19.3.0
18 error argv "/Users/moin/.nvm/versions/node/v7.4.0/bin/node" "/Users/moin/.nvm/versions/node/v7.4.0/bin/npm" "run" "compile:sass"
19 error node v7.4.0
20 error npm  v4.0.5
21 error code ELIFECYCLE
22 error ReactPortfolio_2.0@1.0.0 compile:sass: `node-sass sass/main.scss css/style.css -w`
22 error Exit status 1
23 error Failed at the ReactPortfolio_2.0@1.0.0 compile:sass script 'node-sass sass/main.scss css/style.css -w'.
23 error Make sure you have the latest version of node.js and npm installed.
23 error If you do, this is most likely a problem with the ReactPortfolio_2.0 package,
23 error not with npm itself.
23 error Tell the author that this fails on your system:
23 error     node-sass sass/main.scss css/style.css -w
23 error You can get information on how to open an issue for this project with:
23 error     npm bugs ReactPortfolio_2.0
23 error Or if that isn't available, you can get their info via:
23 error     npm owner ls ReactPortfolio_2.0
23 error There is likely additional logging output above.
24 verbose exit [ 1, true ]
